<?xml version="1.0" encoding="UTF-8"?>
<testng-results ignored="0" total="1" passed="1" failed="0" skipped="0">
  <reporter-output>
  </reporter-output>
  <suite started-at="2022-09-02T20:23:01 IST" name="Default suite" finished-at="2022-09-02T20:23:01 IST" duration-ms="202">
    <groups>
    </groups>
    <test started-at="2022-09-02T20:23:01 IST" name="Default test" finished-at="2022-09-02T20:23:01 IST" duration-ms="202">
      <class name="TestClasses_GM1.gmailComposeValidation">
        <test-method is-config="true" signature="beforeTest()[pri:0, instance:TestClasses_GM1.gmailComposeValidation@76a4ebf2]" started-at="2022-09-02T20:23:01 IST" name="beforeTest" finished-at="2022-09-02T20:23:01 IST" duration-ms="57" status="PASS">
          <reporter-output>
          </reporter-output>
        </test-method> <!-- beforeTest -->
        <test-method signature="f()[pri:0, instance:TestClasses_GM1.gmailComposeValidation@76a4ebf2]" started-at="2022-09-02T20:23:01 IST" name="f" finished-at="2022-09-02T20:23:01 IST" duration-ms="11" status="PASS">
          <reporter-output>
          </reporter-output>
        </test-method> <!-- f -->
        <test-method is-config="true" signature="afterClass()[pri:0, instance:TestClasses_GM1.gmailComposeValidation@76a4ebf2]" started-at="2022-09-02T20:23:01 IST" name="afterClass" finished-at="2022-09-02T20:23:01 IST" duration-ms="1" status="PASS">
          <reporter-output>
          </reporter-output>
        </test-method> <!-- afterClass -->
      </class> <!-- TestClasses_GM1.gmailComposeValidation -->
    </test> <!-- Default test -->
  </suite> <!-- Default suite -->
</testng-results>
